This is pdfTeX, Version 3.14159265-2.6-1.40.17 (MiKTeX 2.9.6210 64-bit) (preloaded format=pdflatex 2016.9.4)  24 MAR 2017 15:20
entering extended mode
**./main.tex
(main.tex
LaTeX2e <2016/03/31> patch level 3
Babel <3.9r> and hyphenation patterns for 75 language(s) loaded.

("D:\Users\Rosalie\AppData\Local\Programs\MiKTeX 2.9\tex\latex\koma-script\scra
rtcl.cls"
Document Class: scrartcl 2017/01/03 v3.22 KOMA-Script document class (article)

("D:\Users\Rosalie\AppData\Local\Programs\MiKTeX 2.9\tex\latex\koma-script\scrk
base.sty"
Package: scrkbase 2017/01/03 v3.22 KOMA-Script package (KOMA-Script-dependent b
asics and keyval usage)

("D:\Users\Rosalie\AppData\Local\Programs\MiKTeX 2.9\tex\latex\koma-script\scrb
ase.sty"
Package: scrbase 2017/01/03 v3.22 KOMA-Script package (KOMA-Script-independent 
basics and keyval usage)
 ("D:\Program Files\MiKTeX 2.9\tex\latex\graphics\keyval.sty"
Package: keyval 2014/10/28 v1.15 key=value parser (DPC)
\KV@toks@=\toks14
)
("D:\Users\Rosalie\AppData\Local\Programs\MiKTeX 2.9\tex\latex\koma-script\scrl
file.sty"
Package: scrlfile 2017/01/03 v3.22 KOMA-Script package (loading files)

Package scrlfile, 2017/01/03 v3.22 KOMA-Script package (loading files)
                  Copyright (C) Markus Kohm

)))
("D:\Users\Rosalie\AppData\Local\Programs\MiKTeX 2.9\tex\latex\koma-script\tocb
asic.sty"
Package: tocbasic 2017/01/03 v3.22 KOMA-Script package (handling toc-files)
\scr@dte@tocline@numberwidth=\skip41
\scr@dte@tocline@numbox=\box26
)
Package tocbasic Info: omitting babel extension for `toc'
(tocbasic)             because of feature `nobabel' available
(tocbasic)             for `toc' on input line 130.
Package tocbasic Info: omitting babel extension for `lof'
(tocbasic)             because of feature `nobabel' available
(tocbasic)             for `lof' on input line 131.
Package tocbasic Info: omitting babel extension for `lot'
(tocbasic)             because of feature `nobabel' available
(tocbasic)             for `lot' on input line 132.
Class scrartcl Info: File `scrsize12pt.clo' used to setup font sizes on input l
ine 2053.

("D:\Users\Rosalie\AppData\Local\Programs\MiKTeX 2.9\tex\latex\koma-script\scrs
ize12pt.clo"
File: scrsize12pt.clo 2017/01/03 v3.22 KOMA-Script font size class option (12pt
)
)
("D:\Users\Rosalie\AppData\Local\Programs\MiKTeX 2.9\tex\latex\koma-script\type
area.sty"
Package: typearea 2017/01/03 v3.22 KOMA-Script package (type area)

Package typearea, 2017/01/03 v3.22 KOMA-Script package (type area)
                  Copyright (C) Frank Neukam, 1992-1994
                  Copyright (C) Markus Kohm, 1994-

\ta@bcor=\skip42
\ta@div=\count79
\ta@hblk=\skip43
\ta@vblk=\skip44
\ta@temp=\skip45
\footheight=\skip46
Package typearea Info: These are the values describing the layout:
(typearea)             DIV  = 14
(typearea)             BCOR = 0.0pt
(typearea)             \paperwidth      = 597.50793pt
(typearea)              \textwidth      = 469.47052pt
(typearea)              DIV departure   = -11%
(typearea)              \evensidemargin = -8.25128pt
(typearea)              \oddsidemargin  = -8.25128pt
(typearea)             \paperheight     = 845.04694pt
(typearea)              \textheight     = 664.5pt
(typearea)              \topmargin      = -51.7845pt
(typearea)              \headheight     = 18.125pt
(typearea)              \headsep        = 21.75pt
(typearea)              \topskip        = 12.0pt
(typearea)              \footskip       = 50.75pt
(typearea)              \baselineskip   = 14.5pt
(typearea)              on input line 1583.
)
\c@part=\count80
\c@section=\count81
\c@subsection=\count82
\c@subsubsection=\count83
\c@paragraph=\count84
\c@subparagraph=\count85
\scr@dte@part@maxnumwidth=\skip47
\scr@dte@section@maxnumwidth=\skip48
\scr@dte@subsection@maxnumwidth=\skip49
\scr@dte@subsubsection@maxnumwidth=\skip50
\scr@dte@paragraph@maxnumwidth=\skip51
\scr@dte@subparagraph@maxnumwidth=\skip52
LaTeX Info: Redefining \textsubscript on input line 4076.
\abovecaptionskip=\skip53
\belowcaptionskip=\skip54
\c@pti@nb@sid@b@x=\box27
\c@figure=\count86
\c@table=\count87
Class scrartcl Info: Redefining `\numberline' on input line 5125.
\bibindent=\dimen102
) ("D:\Program Files\MiKTeX 2.9\tex\latex\base\inputenc.sty"
Package: inputenc 2015/03/17 v1.2c Input encoding file
\inpenc@prehook=\toks15
\inpenc@posthook=\toks16

("D:\Program Files\MiKTeX 2.9\tex\latex\base\utf8.def"
File: utf8.def 2016/02/28 v1.1s UTF-8 support for inputenc
Now handling font encoding OML ...
... no UTF-8 mapping file for font encoding OML
Now handling font encoding T1 ...
... processing UTF-8 mapping file for font encoding T1

("D:\Program Files\MiKTeX 2.9\tex\latex\base\t1enc.dfu"
File: t1enc.dfu 2016/02/28 v1.1s UTF-8 support for inputenc
   defining Unicode char U+00A0 (decimal 160)
   defining Unicode char U+00A1 (decimal 161)
   defining Unicode char U+00A3 (decimal 163)
   defining Unicode char U+00AB (decimal 171)
   defining Unicode char U+00AD (decimal 173)
   defining Unicode char U+00BB (decimal 187)
   defining Unicode char U+00BF (decimal 191)
   defining Unicode char U+00C0 (decimal 192)
   defining Unicode char U+00C1 (decimal 193)
   defining Unicode char U+00C2 (decimal 194)
   defining Unicode char U+00C3 (decimal 195)
   defining Unicode char U+00C4 (decimal 196)
   defining Unicode char U+00C5 (decimal 197)
   defining Unicode char U+00C6 (decimal 198)
   defining Unicode char U+00C7 (decimal 199)
   defining Unicode char U+00C8 (decimal 200)
   defining Unicode char U+00C9 (decimal 201)
   defining Unicode char U+00CA (decimal 202)
   defining Unicode char U+00CB (decimal 203)
   defining Unicode char U+00CC (decimal 204)
   defining Unicode char U+00CD (decimal 205)
   defining Unicode char U+00CE (decimal 206)
   defining Unicode char U+00CF (decimal 207)
   defining Unicode char U+00D0 (decimal 208)
   defining Unicode char U+00D1 (decimal 209)
   defining Unicode char U+00D2 (decimal 210)
   defining Unicode char U+00D3 (decimal 211)
   defining Unicode char U+00D4 (decimal 212)
   defining Unicode char U+00D5 (decimal 213)
   defining Unicode char U+00D6 (decimal 214)
   defining Unicode char U+00D8 (decimal 216)
   defining Unicode char U+00D9 (decimal 217)
   defining Unicode char U+00DA (decimal 218)
   defining Unicode char U+00DB (decimal 219)
   defining Unicode char U+00DC (decimal 220)
   defining Unicode char U+00DD (decimal 221)
   defining Unicode char U+00DE (decimal 222)
   defining Unicode char U+00DF (decimal 223)
   defining Unicode char U+00E0 (decimal 224)
   defining Unicode char U+00E1 (decimal 225)
   defining Unicode char U+00E2 (decimal 226)
   defining Unicode char U+00E3 (decimal 227)
   defining Unicode char U+00E4 (decimal 228)
   defining Unicode char U+00E5 (decimal 229)
   defining Unicode char U+00E6 (decimal 230)
   defining Unicode char U+00E7 (decimal 231)
   defining Unicode char U+00E8 (decimal 232)
   defining Unicode char U+00E9 (decimal 233)
   defining Unicode char U+00EA (decimal 234)
   defining Unicode char U+00EB (decimal 235)
   defining Unicode char U+00EC (decimal 236)
   defining Unicode char U+00ED (decimal 237)
   defining Unicode char U+00EE (decimal 238)
   defining Unicode char U+00EF (decimal 239)
   defining Unicode char U+00F0 (decimal 240)
   defining Unicode char U+00F1 (decimal 241)
   defining Unicode char U+00F2 (decimal 242)
   defining Unicode char U+00F3 (decimal 243)
   defining Unicode char U+00F4 (decimal 244)
   defining Unicode char U+00F5 (decimal 245)
   defining Unicode char U+00F6 (decimal 246)
   defining Unicode char U+00F8 (decimal 248)
   defining Unicode char U+00F9 (decimal 249)
   defining Unicode char U+00FA (decimal 250)
   defining Unicode char U+00FB (decimal 251)
   defining Unicode char U+00FC (decimal 252)
   defining Unicode char U+00FD (decimal 253)
   defining Unicode char U+00FE (decimal 254)
   defining Unicode char U+00FF (decimal 255)
   defining Unicode char U+0100 (decimal 256)
   defining Unicode char U+0101 (decimal 257)
   defining Unicode char U+0102 (decimal 258)
   defining Unicode char U+0103 (decimal 259)
   defining Unicode char U+0104 (decimal 260)
   defining Unicode char U+0105 (decimal 261)
   defining Unicode char U+0106 (decimal 262)
   defining Unicode char U+0107 (decimal 263)
   defining Unicode char U+0108 (decimal 264)
   defining Unicode char U+0109 (decimal 265)
   defining Unicode char U+010A (decimal 266)
   defining Unicode char U+010B (decimal 267)
   defining Unicode char U+010C (decimal 268)
   defining Unicode char U+010D (decimal 269)
   defining Unicode char U+010E (decimal 270)
   defining Unicode char U+010F (decimal 271)
   defining Unicode char U+0110 (decimal 272)
   defining Unicode char U+0111 (decimal 273)
   defining Unicode char U+0112 (decimal 274)
   defining Unicode char U+0113 (decimal 275)
   defining Unicode char U+0114 (decimal 276)
   defining Unicode char U+0115 (decimal 277)
   defining Unicode char U+0116 (decimal 278)
   defining Unicode char U+0117 (decimal 279)
   defining Unicode char U+0118 (decimal 280)
   defining Unicode char U+0119 (decimal 281)
   defining Unicode char U+011A (decimal 282)
   defining Unicode char U+011B (decimal 283)
   defining Unicode char U+011C (decimal 284)
   defining Unicode char U+011D (decimal 285)
   defining Unicode char U+011E (decimal 286)
   defining Unicode char U+011F (decimal 287)
   defining Unicode char U+0120 (decimal 288)
   defining Unicode char U+0121 (decimal 289)
   defining Unicode char U+0122 (decimal 290)
   defining Unicode char U+0123 (decimal 291)
   defining Unicode char U+0124 (decimal 292)
   defining Unicode char U+0125 (decimal 293)
   defining Unicode char U+0128 (decimal 296)
   defining Unicode char U+0129 (decimal 297)
   defining Unicode char U+012A (decimal 298)
   defining Unicode char U+012B (decimal 299)
   defining Unicode char U+012C (decimal 300)
   defining Unicode char U+012D (decimal 301)
   defining Unicode char U+012E (decimal 302)
   defining Unicode char U+012F (decimal 303)
   defining Unicode char U+0130 (decimal 304)
   defining Unicode char U+0131 (decimal 305)
   defining Unicode char U+0132 (decimal 306)
   defining Unicode char U+0133 (decimal 307)
   defining Unicode char U+0134 (decimal 308)
   defining Unicode char U+0135 (decimal 309)
   defining Unicode char U+0136 (decimal 310)
   defining Unicode char U+0137 (decimal 311)
   defining Unicode char U+0139 (decimal 313)
   defining Unicode char U+013A (decimal 314)
   defining Unicode char U+013B (decimal 315)
   defining Unicode char U+013C (decimal 316)
   defining Unicode char U+013D (decimal 317)
   defining Unicode char U+013E (decimal 318)
   defining Unicode char U+0141 (decimal 321)
   defining Unicode char U+0142 (decimal 322)
   defining Unicode char U+0143 (decimal 323)
   defining Unicode char U+0144 (decimal 324)
   defining Unicode char U+0145 (decimal 325)
   defining Unicode char U+0146 (decimal 326)
   defining Unicode char U+0147 (decimal 327)
   defining Unicode char U+0148 (decimal 328)
   defining Unicode char U+014A (decimal 330)
   defining Unicode char U+014B (decimal 331)
   defining Unicode char U+014C (decimal 332)
   defining Unicode char U+014D (decimal 333)
   defining Unicode char U+014E (decimal 334)
   defining Unicode char U+014F (decimal 335)
   defining Unicode char U+0150 (decimal 336)
   defining Unicode char U+0151 (decimal 337)
   defining Unicode char U+0152 (decimal 338)
   defining Unicode char U+0153 (decimal 339)
   defining Unicode char U+0154 (decimal 340)
   defining Unicode char U+0155 (decimal 341)
   defining Unicode char U+0156 (decimal 342)
   defining Unicode char U+0157 (decimal 343)
   defining Unicode char U+0158 (decimal 344)
   defining Unicode char U+0159 (decimal 345)
   defining Unicode char U+015A (decimal 346)
   defining Unicode char U+015B (decimal 347)
   defining Unicode char U+015C (decimal 348)
   defining Unicode char U+015D (decimal 349)
   defining Unicode char U+015E (decimal 350)
   defining Unicode char U+015F (decimal 351)
   defining Unicode char U+0160 (decimal 352)
   defining Unicode char U+0161 (decimal 353)
   defining Unicode char U+0162 (decimal 354)
   defining Unicode char U+0163 (decimal 355)
   defining Unicode char U+0164 (decimal 356)
   defining Unicode char U+0165 (decimal 357)
   defining Unicode char U+0168 (decimal 360)
   defining Unicode char U+0169 (decimal 361)
   defining Unicode char U+016A (decimal 362)
   defining Unicode char U+016B (decimal 363)
   defining Unicode char U+016C (decimal 364)
   defining Unicode char U+016D (decimal 365)
   defining Unicode char U+016E (decimal 366)
   defining Unicode char U+016F (decimal 367)
   defining Unicode char U+0170 (decimal 368)
   defining Unicode char U+0171 (decimal 369)
   defining Unicode char U+0172 (decimal 370)
   defining Unicode char U+0173 (decimal 371)
   defining Unicode char U+0174 (decimal 372)
   defining Unicode char U+0175 (decimal 373)
   defining Unicode char U+0176 (decimal 374)
   defining Unicode char U+0177 (decimal 375)
   defining Unicode char U+0178 (decimal 376)
   defining Unicode char U+0179 (decimal 377)
   defining Unicode char U+017A (decimal 378)
   defining Unicode char U+017B (decimal 379)
   defining Unicode char U+017C (decimal 380)
   defining Unicode char U+017D (decimal 381)
   defining Unicode char U+017E (decimal 382)
   defining Unicode char U+01CD (decimal 461)
   defining Unicode char U+01CE (decimal 462)
   defining Unicode char U+01CF (decimal 463)
   defining Unicode char U+01D0 (decimal 464)
   defining Unicode char U+01D1 (decimal 465)
   defining Unicode char U+01D2 (decimal 466)
   defining Unicode char U+01D3 (decimal 467)
   defining Unicode char U+01D4 (decimal 468)
   defining Unicode char U+01E2 (decimal 482)
   defining Unicode char U+01E3 (decimal 483)
   defining Unicode char U+01E6 (decimal 486)
   defining Unicode char U+01E7 (decimal 487)
   defining Unicode char U+01E8 (decimal 488)
   defining Unicode char U+01E9 (decimal 489)
   defining Unicode char U+01EA (decimal 490)
   defining Unicode char U+01EB (decimal 491)
   defining Unicode char U+01F0 (decimal 496)
   defining Unicode char U+01F4 (decimal 500)
   defining Unicode char U+01F5 (decimal 501)
   defining Unicode char U+0218 (decimal 536)
   defining Unicode char U+0219 (decimal 537)
   defining Unicode char U+021A (decimal 538)
   defining Unicode char U+021B (decimal 539)
   defining Unicode char U+1E02 (decimal 7682)
   defining Unicode char U+1E03 (decimal 7683)
   defining Unicode char U+200C (decimal 8204)
   defining Unicode char U+2010 (decimal 8208)
   defining Unicode char U+2011 (decimal 8209)
   defining Unicode char U+2012 (decimal 8210)
   defining Unicode char U+2013 (decimal 8211)
   defining Unicode char U+2014 (decimal 8212)
   defining Unicode char U+2015 (decimal 8213)
   defining Unicode char U+2018 (decimal 8216)
   defining Unicode char U+2019 (decimal 8217)
   defining Unicode char U+201A (decimal 8218)
   defining Unicode char U+201C (decimal 8220)
   defining Unicode char U+201D (decimal 8221)
   defining Unicode char U+201E (decimal 8222)
   defining Unicode char U+2030 (decimal 8240)
   defining Unicode char U+2031 (decimal 8241)
   defining Unicode char U+2039 (decimal 8249)
   defining Unicode char U+203A (decimal 8250)
   defining Unicode char U+2423 (decimal 9251)
)
Now handling font encoding OT1 ...
... processing UTF-8 mapping file for font encoding OT1

("D:\Program Files\MiKTeX 2.9\tex\latex\base\ot1enc.dfu"
File: ot1enc.dfu 2016/02/28 v1.1s UTF-8 support for inputenc
   defining Unicode char U+00A0 (decimal 160)
   defining Unicode char U+00A1 (decimal 161)
   defining Unicode char U+00A3 (decimal 163)
   defining Unicode char U+00AD (decimal 173)
   defining Unicode char U+00B8 (decimal 184)
   defining Unicode char U+00BF (decimal 191)
   defining Unicode char U+00C5 (decimal 197)
   defining Unicode char U+00C6 (decimal 198)
   defining Unicode char U+00D8 (decimal 216)
   defining Unicode char U+00DF (decimal 223)
   defining Unicode char U+00E6 (decimal 230)
   defining Unicode char U+00EC (decimal 236)
   defining Unicode char U+00ED (decimal 237)
   defining Unicode char U+00EE (decimal 238)
   defining Unicode char U+00EF (decimal 239)
   defining Unicode char U+00F8 (decimal 248)
   defining Unicode char U+0131 (decimal 305)
   defining Unicode char U+0141 (decimal 321)
   defining Unicode char U+0142 (decimal 322)
   defining Unicode char U+0152 (decimal 338)
   defining Unicode char U+0153 (decimal 339)
   defining Unicode char U+0174 (decimal 372)
   defining Unicode char U+0175 (decimal 373)
   defining Unicode char U+0176 (decimal 374)
   defining Unicode char U+0177 (decimal 375)
   defining Unicode char U+0218 (decimal 536)
   defining Unicode char U+0219 (decimal 537)
   defining Unicode char U+021A (decimal 538)
   defining Unicode char U+021B (decimal 539)
   defining Unicode char U+2013 (decimal 8211)
   defining Unicode char U+2014 (decimal 8212)
   defining Unicode char U+2018 (decimal 8216)
   defining Unicode char U+2019 (decimal 8217)
   defining Unicode char U+201C (decimal 8220)
   defining Unicode char U+201D (decimal 8221)
)
Now handling font encoding OMS ...
... processing UTF-8 mapping file for font encoding OMS

("D:\Program Files\MiKTeX 2.9\tex\latex\base\omsenc.dfu"
File: omsenc.dfu 2016/02/28 v1.1s UTF-8 support for inputenc
   defining Unicode char U+00A7 (decimal 167)
   defining Unicode char U+00B6 (decimal 182)
   defining Unicode char U+00B7 (decimal 183)
   defining Unicode char U+2020 (decimal 8224)
   defining Unicode char U+2021 (decimal 8225)
   defining Unicode char U+2022 (decimal 8226)
)
Now handling font encoding OMX ...
... no UTF-8 mapping file for font encoding OMX
Now handling font encoding U ...
... no UTF-8 mapping file for font encoding U
   defining Unicode char U+00A9 (decimal 169)
   defining Unicode char U+00AA (decimal 170)
   defining Unicode char U+00AE (decimal 174)
   defining Unicode char U+00BA (decimal 186)
   defining Unicode char U+02C6 (decimal 710)
   defining Unicode char U+02DC (decimal 732)
   defining Unicode char U+200C (decimal 8204)
   defining Unicode char U+2026 (decimal 8230)
   defining Unicode char U+2122 (decimal 8482)
   defining Unicode char U+2423 (decimal 9251)
))
("D:\Program Files\MiKTeX 2.9\tex\generic\babel\babel.sty"
Package: babel 2016/04/23 3.9r The Babel package

*************************************
* Local config file bblopts.cfg used
*
("D:\Program Files\MiKTeX 2.9\tex\latex\arabi\bblopts.cfg"
File: bblopts.cfg 2005/09/08 v0.1 add Arabic and Farsi to "declared" options of
 babel
)
("D:\Program Files\MiKTeX 2.9\tex\latex\babel-english\english.ldf"
Language: english 2017/01/24 v3.3q English support from the babel system

("D:\Program Files\MiKTeX 2.9\tex\generic\babel\babel.def"
File: babel.def 2016/04/23 3.9r Babel common definitions
\babel@savecnt=\count88
\U@D=\dimen103
)
\l@canadian = a dialect from \language\l@american 
\l@australian = a dialect from \language\l@british 
\l@newzealand = a dialect from \language\l@british 
))
("D:\Users\Rosalie\AppData\Local\Programs\MiKTeX 2.9\tex\latex\microtype\microt
ype.sty"
Package: microtype 2016/05/14 v2.6a Micro-typographical refinements (RS)
\MT@toks=\toks17
\MT@count=\count89
LaTeX Info: Redefining \textls on input line 774.
\MT@outer@kern=\dimen104
LaTeX Info: Redefining \textmicrotypecontext on input line 1310.
\MT@listname@count=\count90

("D:\Users\Rosalie\AppData\Local\Programs\MiKTeX 2.9\tex\latex\microtype\microt
ype-pdftex.def"
File: microtype-pdftex.def 2016/05/14 v2.6a Definitions specific to pdftex (RS)

LaTeX Info: Redefining \lsstyle on input line 916.
LaTeX Info: Redefining \lslig on input line 916.
\MT@outer@space=\skip55
)
Package microtype Info: Loading configuration file microtype.cfg.

("D:\Users\Rosalie\AppData\Local\Programs\MiKTeX 2.9\tex\latex\microtype\microt
ype.cfg"
File: microtype.cfg 2016/05/14 v2.6a microtype main configuration file (RS)
)) ("D:\Program Files\MiKTeX 2.9\tex\latex\graphics\graphicx.sty"
Package: graphicx 2014/10/28 v1.0g Enhanced LaTeX Graphics (DPC,SPQR)

("D:\Program Files\MiKTeX 2.9\tex\latex\graphics\graphics.sty"
Package: graphics 2016/10/09 v1.0u Standard LaTeX Graphics (DPC,SPQR)

("D:\Program Files\MiKTeX 2.9\tex\latex\graphics\trig.sty"
Package: trig 2016/01/03 v1.10 sin cos tan (DPC)
)
("D:\Program Files\MiKTeX 2.9\tex\latex\graphics-cfg\graphics.cfg"
File: graphics.cfg 2016/06/04 v1.11 sample graphics configuration
)
Package graphics Info: Driver file: pdftex.def on input line 99.

("D:\Program Files\MiKTeX 2.9\tex\latex\graphics-def\pdftex.def"
File: pdftex.def 2017/01/12 v0.06k Graphics/color for pdfTeX

("D:\Program Files\MiKTeX 2.9\tex\generic\oberdiek\infwarerr.sty"
Package: infwarerr 2016/05/16 v1.4 Providing info/warning/error messages (HO)
)
("D:\Program Files\MiKTeX 2.9\tex\generic\oberdiek\ltxcmds.sty"
Package: ltxcmds 2016/05/16 v1.23 LaTeX kernel commands for general use (HO)
)
\Gread@gobject=\count91
))
\Gin@req@height=\dimen105
\Gin@req@width=\dimen106
)
("D:\Program Files\MiKTeX 2.9\tex\latex\tools\array.sty"
Package: array 2016/10/06 v2.4d Tabular extension package (FMi)
\col@sep=\dimen107
\extrarowheight=\dimen108
\NC@list=\toks18
\extratabsurround=\skip56
\backup@length=\skip57
)
("D:\Users\Rosalie\AppData\Local\Programs\MiKTeX 2.9\tex\latex\pdfpages\pdfpage
s.sty"
Package: pdfpages 2017/01/14 v0.5h Insert pages of external PDF documents (AM)
 ("D:\Program Files\MiKTeX 2.9\tex\latex\base\ifthen.sty"
Package: ifthen 2014/09/29 v1.1c Standard LaTeX ifthen package (DPC)
)
("D:\Program Files\MiKTeX 2.9\tex\latex\tools\calc.sty"
Package: calc 2014/10/28 v4.3 Infix arithmetic (KKT,FJ)
\calc@Acount=\count92
\calc@Bcount=\count93
\calc@Adimen=\dimen109
\calc@Bdimen=\dimen110
\calc@Askip=\skip58
\calc@Bskip=\skip59
LaTeX Info: Redefining \setlength on input line 80.
LaTeX Info: Redefining \addtolength on input line 81.
\calc@Ccount=\count94
\calc@Cskip=\skip60
)
("D:\Program Files\MiKTeX 2.9\tex\latex\eso-pic\eso-pic.sty"
Package: eso-pic 2015/07/21 v2.0g eso-pic (RN)

("D:\Program Files\MiKTeX 2.9\tex\generic\oberdiek\atbegshi.sty"
Package: atbegshi 2016/06/09 v1.18 At begin shipout hook (HO)

("D:\Program Files\MiKTeX 2.9\tex\generic\oberdiek\ifpdf.sty"
Package: ifpdf 2016/05/14 v3.1 Provides the ifpdf switch
))
("D:\Program Files\MiKTeX 2.9\tex\latex\xcolor\xcolor.sty"
Package: xcolor 2016/05/11 v2.12 LaTeX color extensions (UK)

("D:\Program Files\MiKTeX 2.9\tex\latex\graphics-cfg\color.cfg"
File: color.cfg 2016/01/02 v1.6 sample color configuration
)
Package xcolor Info: Driver file: pdftex.def on input line 225.
Package xcolor Info: Model `cmy' substituted by `cmy0' on input line 1348.
Package xcolor Info: Model `hsb' substituted by `rgb' on input line 1352.
Package xcolor Info: Model `RGB' extended on input line 1364.
Package xcolor Info: Model `HTML' substituted by `rgb' on input line 1366.
Package xcolor Info: Model `Hsb' substituted by `hsb' on input line 1367.
Package xcolor Info: Model `tHsb' substituted by `hsb' on input line 1368.
Package xcolor Info: Model `HSB' substituted by `hsb' on input line 1369.
Package xcolor Info: Model `Gray' substituted by `gray' on input line 1370.
Package xcolor Info: Model `wave' substituted by `hsb' on input line 1371.
))
\AM@pagewidth=\dimen111
\AM@pageheight=\dimen112

("D:\Users\Rosalie\AppData\Local\Programs\MiKTeX 2.9\tex\latex\pdfpages\pppdfte
x.def"
File: pppdftex.def 2017/01/14 v0.5h Pdfpages driver for pdfTeX (AM)
)
\AM@pagebox=\box28
\AM@global@opts=\toks19
\AM@toc@title=\toks20
\c@AM@survey=\count95
\AM@templatesizebox=\box29
) ("D:\Program Files\MiKTeX 2.9\tex\latex\graphics\rotating.sty"
Package: rotating 2016/08/11 v2.16d rotated objects in LaTeX
\c@r@tfl@t=\count96
\rotFPtop=\skip61
\rotFPbot=\skip62
\rot@float@box=\box30
\rot@mess@toks=\toks21
)
("D:\Program Files\MiKTeX 2.9\tex\latex\sectsty\sectsty.sty"
Package: sectsty 2002/02/25 v2.0.2 Commands to change all sectional heading sty
les
)

Class scrartcl Warning: Usage of package `fancyhdr' together
(scrartcl)              with a KOMA-Script class is not recommended.
(scrartcl)              I'd suggest to use 
(scrartcl)              package `scrlayer-scrpage'.
(scrartcl)              Nevertheless, using requested
(scrartcl)              package `fancyhdr' on input line 51.

("D:\Program Files\MiKTeX 2.9\tex\latex\fancyhdr\fancyhdr.sty"
Package: fancyhdr 2016/09/06 3.8 Extensive control of page headers and footers
\fancy@headwidth=\skip63
\f@ncyO@elh=\skip64
\f@ncyO@erh=\skip65
\f@ncyO@olh=\skip66
\f@ncyO@orh=\skip67
\f@ncyO@elf=\skip68
\f@ncyO@erf=\skip69
\f@ncyO@olf=\skip70
\f@ncyO@orf=\skip71
) (main.aux)
\openout1 = `main.aux'.

LaTeX Font Info:    Checking defaults for OML/cmm/m/it on input line 64.
LaTeX Font Info:    ... okay on input line 64.
LaTeX Font Info:    Checking defaults for T1/cmr/m/n on input line 64.
LaTeX Font Info:    ... okay on input line 64.
LaTeX Font Info:    Checking defaults for OT1/cmr/m/n on input line 64.
LaTeX Font Info:    ... okay on input line 64.
LaTeX Font Info:    Checking defaults for OMS/cmsy/m/n on input line 64.
LaTeX Font Info:    ... okay on input line 64.
LaTeX Font Info:    Checking defaults for OMX/cmex/m/n on input line 64.
LaTeX Font Info:    ... okay on input line 64.
LaTeX Font Info:    Checking defaults for U/cmr/m/n on input line 64.
LaTeX Font Info:    ... okay on input line 64.
LaTeX Info: Redefining \microtypecontext on input line 64.
Package microtype Info: Generating PDF output.
Package microtype Info: Character protrusion enabled (level 2).
Package microtype Info: Using default protrusion set `alltext'.
Package microtype Info: Automatic font expansion enabled (level 2),
(microtype)             stretch: 20, shrink: 20, step: 1, non-selected.
Package microtype Info: Using default expansion set `basictext'.
Package microtype Info: No adjustment of tracking.
Package microtype Info: No adjustment of interword spacing.
Package microtype Info: No adjustment of character kerning.

("D:\Users\Rosalie\AppData\Local\Programs\MiKTeX 2.9\tex\latex\microtype\mt-cmr
.cfg"
File: mt-cmr.cfg 2013/05/19 v2.2 microtype config. file: Computer Modern Roman 
(RS)
) ("D:\Program Files\MiKTeX 2.9\tex\context\base\supp-pdf.mkii"
[Loading MPS to PDF converter (version 2006.09.02).]
\scratchcounter=\count97
\scratchdimen=\dimen113
\scratchbox=\box31
\nofMPsegments=\count98
\nofMParguments=\count99
\everyMPshowfont=\toks22
\MPscratchCnt=\count100
\MPscratchDim=\dimen114
\MPnumerator=\count101
\makeMPintoPDFobject=\count102
\everyMPtoPDFconversion=\toks23
) ("D:\Program Files\MiKTeX 2.9\tex\generic\oberdiek\pdftexcmds.sty"
Package: pdftexcmds 2016/05/21 v0.22 Utility functions of pdfTeX for LuaTeX (HO
)

("D:\Program Files\MiKTeX 2.9\tex\generic\oberdiek\ifluatex.sty"
Package: ifluatex 2016/05/16 v1.4 Provides the ifluatex switch (HO)
Package ifluatex Info: LuaTeX not detected.
)
Package pdftexcmds Info: LuaTeX not detected.
Package pdftexcmds Info: \pdf@primitive is available.
Package pdftexcmds Info: \pdf@ifprimitive is available.
Package pdftexcmds Info: \pdfdraftmode found.
)
("D:\Program Files\MiKTeX 2.9\tex\latex\oberdiek\epstopdf-base.sty"
Package: epstopdf-base 2016/05/15 v2.6 Base part for package epstopdf

("D:\Program Files\MiKTeX 2.9\tex\latex\oberdiek\grfext.sty"
Package: grfext 2016/05/16 v1.2 Manage graphics extensions (HO)

("D:\Program Files\MiKTeX 2.9\tex\generic\oberdiek\kvdefinekeys.sty"
Package: kvdefinekeys 2016/05/16 v1.4 Define keys (HO)
))
("D:\Program Files\MiKTeX 2.9\tex\latex\oberdiek\kvoptions.sty"
Package: kvoptions 2016/05/16 v3.12 Key value format for package options (HO)

("D:\Program Files\MiKTeX 2.9\tex\generic\oberdiek\kvsetkeys.sty"
Package: kvsetkeys 2016/05/16 v1.17 Key value parser (HO)

("D:\Program Files\MiKTeX 2.9\tex\generic\oberdiek\etexcmds.sty"
Package: etexcmds 2016/05/16 v1.6 Avoid name clashes with e-TeX commands (HO)
Package etexcmds Info: Could not find \expanded.
(etexcmds)             That can mean that you are not using pdfTeX 1.50 or
(etexcmds)             that some package has redefined \expanded.
(etexcmds)             In the latter case, load this package earlier.
)))
Package epstopdf-base Info: Redefining graphics rule for `.eps' on input line 4
38.
Package grfext Info: Graphics extension search list:
(grfext)             [.png,.pdf,.jpg,.mps,.jpeg,.jbig2,.jb2,.PNG,.PDF,.JPG,.JPE
G,.JBIG2,.JB2,.eps]
(grfext)             \AppendGraphicsExtensions on input line 456.
)
\AtBeginShipoutBox=\box32

("D:\Program Files\MiKTeX 2.9\tex\latex\oberdiek\pdflscape.sty"
Package: pdflscape 2016/05/14 v0.11 Display of landscape pages in PDF (HO)

("D:\Program Files\MiKTeX 2.9\tex\latex\graphics\lscape.sty"
Package: lscape 2000/10/22 v3.01 Landscape Pages (DPC)
)
Package pdflscape Info: Auto-detected driver: pdftex on input line 81.

("D:\Program Files\MiKTeX 2.9\tex\generic\ifxetex\ifxetex.sty"
Package: ifxetex 2010/09/12 v0.6 Provides ifxetex conditional
)) (titlepage.tex
Package microtype Info: Loading generic settings for font family
(microtype)             `cmss' (encoding: OT1).
(microtype)             For optimal results, create family-specific settings.
(microtype)             See the microtype manual for details.
<via_logo.png, id=1, 380.17032pt x 127.97812pt>
File: via_logo.png Graphic file (type png)
 <use via_logo.png>
Package pdftex.def Info: via_logo.png used on input line 12.
(pdftex.def)             Requested size: 266.1174pt x 89.58406pt.


LaTeX Font Warning: Font shape `OT1/cmss/m/sc' in size <12> not available
(Font)              Font shape `OT1/cmr/m/sc' tried instead on input line 14.


LaTeX Font Warning: Font shape `OT1/cmss/m/sc' in size <17.28> not available
(Font)              Font shape `OT1/cmr/m/sc' tried instead on input line 14.

<hsh_logo.png, id=3, 197.538pt x 173.448pt>
File: hsh_logo.png Graphic file (type png)
 <use hsh_logo.png>
Package pdftex.def Info: hsh_logo.png used on input line 21.
(pdftex.def)             Requested size: 148.15312pt x 130.08568pt.


LaTeX Font Warning: Font shape `OT1/cmss/m/sc' in size <14.4> not available
(Font)              Font shape `OT1/cmr/m/sc' tried instead on input line 27.

LaTeX Font Info:    External font `cmex10' loaded for size
(Font)              <12> on input line 30.
LaTeX Font Info:    External font `cmex10' loaded for size
(Font)              <8> on input line 30.
LaTeX Font Info:    External font `cmex10' loaded for size
(Font)              <6> on input line 30.

LaTeX Font Warning: Font shape `OT1/cmss/m/it' in size <17.28> not available
(Font)              Font shape `OT1/cmss/m/sl' tried instead on input line 40.

[-1

{C:/Users/Rosalie/AppData/Local/MiKTeX/2.9/pdftex/config/pdftex.map} <./via_log
o.png> <./hsh_logo.png>])

Class scrartcl Warning: incompatible usage of \@ssect detected.
(scrartcl)              You've used the KOMA-Script implementation of \@ssect
(scrartcl)              from within a non compatible caller, that does not
(scrartcl)              \scr@s@ct@@nn@m@ locally.
(scrartcl)              This could result in several error messages on input li
ne 67.

Package tocbasic Info: character protrusion at toc deactivated on input line 67
.
(main.toc)
\tf@toc=\write3
\openout3 = `main.toc'.

 [0]
File: hsh_logo.png Graphic file (type png)
 <use hsh_logo.png>
Package pdftex.def Info: hsh_logo.png used on input line 88.
(pdftex.def)             Requested size: 29.62941pt x 26.01607pt.
File: via_logo.png Graphic file (type png)
 <use via_logo.png>
Package pdftex.def Info: via_logo.png used on input line 88.
(pdftex.def)             Requested size: 76.03271pt x 25.59517pt.


Package Fancyhdr Warning: \headheight is too small (20.4pt): 
 Make it at least 30.3661pt.
 We now make it that large for the rest of the document.
 This may cause the page layout to be inconsistent, however.

[1]
LaTeX Font Info:    Try loading font information for OMS+cmr on input line 93.
 ("D:\Program Files\MiKTeX 2.9\tex\latex\base\omscmr.fd"
File: omscmr.fd 2014/09/29 v2.5h Standard LaTeX font definitions
)
LaTeX Font Info:    Font shape `OMS/cmr/m/n' in size <12> not available
(Font)              Font shape `OMS/cmsy/m/n' tried instead on input line 93.

Underfull \hbox (badness 10000) in paragraph at lines 117--118
\OT1/cmr/m/n/12 (+20) make en-ergy
 []


Underfull \hbox (badness 10000) in paragraph at lines 117--118
\OT1/cmr/m/n/12 (+20) con-sump-
 []


Underfull \hbox (badness 1297) in paragraph at lines 117--118
\OT1/cmr/m/n/12 (+20) tion fun and
 []


Underfull \hbox (badness 10000) in paragraph at lines 118--119
\OT1/cmr/m/n/12 (+20) el-e-ment to it
 []


Underfull \hbox (badness 10000) in paragraph at lines 118--119
\OT1/cmr/m/n/12 (+20) would cre-ate
 []


Underfull \hbox (badness 10000) in paragraph at lines 118--119
\OT1/cmr/m/n/12 (+20) an in-ter-ac-tive
 []


Underfull \hbox (badness 10000) in paragraph at lines 118--119
\OT1/cmr/m/n/12 (+20) and pos-si-bly
 []


Underfull \hbox (badness 10000) in paragraph at lines 118--119
\OT1/cmr/m/n/12 (+20) a com-pet-i-tive
 []


Underfull \hbox (badness 2495) in paragraph at lines 119--120
[]|\OT1/cmr/m/n/12 (+20) 100 % of
 []


Underfull \hbox (badness 10000) in paragraph at lines 120--121
[]|\OT1/cmr/m/n/12 (+20) Using con-
 []


Underfull \hbox (badness 10000) in paragraph at lines 120--121
\OT1/cmr/m/n/12 (+20) (tem-per-a-ture,
 []


Underfull \hbox (badness 7759) in paragraph at lines 120--121
\OT1/cmr/m/n/12 (+20) to a cen-tral
 []


Underfull \hbox (badness 10000) in paragraph at lines 120--121
\OT1/cmr/m/n/12 (+20) hub which,
 []


Underfull \hbox (badness 10000) in paragraph at lines 120--121
\OT1/cmr/m/n/12 (+20) in turn, is
 []


Underfull \hbox (badness 10000) in paragraph at lines 120--121
\OT1/cmr/m/n/12 (+20) con-nected
 []


Underfull \hbox (badness 3058) in paragraph at lines 120--121
\OT1/cmr/m/n/12 (+20) to the user's
 []


Underfull \hbox (badness 10000) in paragraph at lines 121--122
[]|\OT1/cmr/m/n/12 (+20) The
 []


Underfull \hbox (badness 10000) in paragraph at lines 121--122
\OT1/cmr/m/n/12 (+20) whole
 []


Underfull \hbox (badness 10000) in paragraph at lines 122--123
[]|\OT1/cmr/m/n/12 (+20) Overall
 []


Underfull \hbox (badness 10000) in paragraph at lines 122--123
\OT1/cmr/m/n/12 (+20) project
 []


Underfull \hbox (badness 10000) in paragraph at lines 122--123
\OT1/cmr/m/n/12 (+20) dead-line
 []


Underfull \hbox (badness 10000) in paragraph at lines 122--123
\OT1/cmr/m/n/12 (+20) is the
 []


Underfull \hbox (badness 4752) in paragraph at lines 126--127
[]|\OT1/cmr/m/n/12 (+20) Stores in-for-ma-
 []


Underfull \hbox (badness 10000) in paragraph at lines 126--127
\OT1/cmr/m/n/12 (+20) tion gath-ered
 []


Underfull \hbox (badness 10000) in paragraph at lines 128--129
\OT1/cmr/m/n/12 (+20) to com-mu-ni-
 []


Underfull \hbox (badness 5091) in paragraph at lines 128--129
\OT1/cmr/m/n/12 (+20) Rasp-berry Pi
 []


Underfull \hbox (badness 10000) in paragraph at lines 128--129
\OT1/cmr/m/n/12 (+20) in or-der to
 []


Underfull \hbox (badness 1960) in paragraph at lines 128--129
\OT1/cmr/m/n/12 (+20) fetch in-for-ma-
 []


Underfull \hbox (badness 10000) in paragraph at lines 130--131
[]|\OT1/cmr/m/n/12 (+20) Until
 []


Underfull \hbox (badness 10000) in paragraph at lines 130--131
\OT1/cmr/m/n/12 (+20) 24th
 []


Underfull \hbox (badness 6893) in paragraph at lines 133--134
[]|\OT1/cmr/m/n/12 (+20) Connect sen-
 []


Underfull \hbox (badness 6204) in paragraph at lines 134--135
[]|\OT1/cmr/m/n/12 (+20) Get real time
 []


Underfull \hbox (badness 10000) in paragraph at lines 136--137
[]|\OT1/cmr/m/n/12 (+20) Connect sen-
 []


Underfull \hbox (badness 10000) in paragraph at lines 136--137
\OT1/cmr/m/n/12 (+20) sors to a
 []


Underfull \hbox (badness 4229) in paragraph at lines 136--137
\OT1/cmr/m/n/12 (+20) able to send
 []


Underfull \hbox (badness 10000) in paragraph at lines 136--137
\OT1/cmr/m/n/12 (+20) them in-puts
 []


Underfull \hbox (badness 10000) in paragraph at lines 136--137
\OT1/cmr/m/n/12 (+20) and mon-i-tor
 []


Underfull \hbox (badness 10000) in paragraph at lines 138--139
[]|\OT1/cmr/m/n/12 (+20) Until
 []


Underfull \hbox (badness 10000) in paragraph at lines 138--139
\OT1/cmr/m/n/12 (+20) 31st
 []


Overfull \hbox (5.66075pt too wide) in paragraph at lines 140--141
[]|\OT1/cmr/m/n/12 (-20) Communication
 []


Underfull \hbox (badness 10000) in paragraph at lines 140--141
\OT1/cmr/m/n/12 (+20) be-tween two
 []


Underfull \hbox (badness 10000) in paragraph at lines 141--142
\OT1/cmr/m/n/12 (+20) be in charge
 []


Underfull \hbox (badness 2573) in paragraph at lines 141--142
\OT1/cmr/m/n/12 (+20) of the com-mu-
 []


Underfull \hbox (badness 10000) in paragraph at lines 141--142
\OT1/cmr/m/n/12 (+20) ni-ca-tion with
 []


Underfull \hbox (badness 3884) in paragraph at lines 141--142
\OT1/cmr/m/n/12 (+20) the data from
 []


Underfull \hbox (badness 10000) in paragraph at lines 141--142
\OT1/cmr/m/n/12 (+20) the sen-sors
 []


Underfull \hbox (badness 10000) in paragraph at lines 141--142
\OT1/cmr/m/n/12 (+20) con-nected to
 []


Underfull \hbox (badness 10000) in paragraph at lines 142--143
[]|\OT1/cmr/m/n/12 (+20) HTTP
 []


Overfull \hbox (5.11868pt too wide) in paragraph at lines 142--143
\OT1/cmr/m/n/12 (-20) GET/POST
 []


Underfull \hbox (badness 10000) in paragraph at lines 142--143
\OT1/cmr/m/n/12 (+20) re-quests,
 []


Underfull \hbox (badness 10000) in paragraph at lines 142--143
\OT1/cmr/m/n/12 (+20) Cryp-tog-ra-
 []


Underfull \hbox (badness 10000) in paragraph at lines 142--143
\OT1/cmr/m/n/12 (+20) for trans-
 []


Underfull \hbox (badness 10000) in paragraph at lines 142--143
\OT1/cmr/m/n/12 (+20) mis-sion
 []


Underfull \hbox (badness 6741) in paragraph at lines 143--144
[]|\OT1/cmr/m/n/12 (+20) Safe and se-
 []


Underfull \hbox (badness 10000) in paragraph at lines 145--146
[]|\OT1/cmr/m/n/12 (+20) Until
 []


Underfull \hbox (badness 10000) in paragraph at lines 145--146
\OT1/cmr/m/n/12 (+20) 15th
 []


Underfull \hbox (badness 1789) in paragraph at lines 145--146
\OT1/cmr/m/n/12 (+20) May (20
 []


Underfull \hbox (badness 10000) in paragraph at lines 147--148
[]|\OT1/cmr/m/n/12 (+20) Connection
 []


Underfull \hbox (badness 10000) in paragraph at lines 147--148
\OT1/cmr/m/n/12 (+20) with a
 []


Underfull \hbox (badness 6859) in paragraph at lines 149--150
[]|\OT1/cmr/m/n/12 (+20) REST ar-
 []


Underfull \hbox (badness 10000) in paragraph at lines 150--151
[]|\OT1/cmr/m/n/12 (+20) Send data
 []


Underfull \hbox (badness 4954) in paragraph at lines 150--151
\OT1/cmr/m/n/12 (+20) to an on-line
 []


Underfull \hbox (badness 10000) in paragraph at lines 152--153
[]|\OT1/cmr/m/n/12 (+20) Until
 []


Underfull \hbox (badness 10000) in paragraph at lines 152--153
\OT1/cmr/m/n/12 (+20) 29th
 []


Underfull \hbox (badness 1789) in paragraph at lines 152--153
\OT1/cmr/m/n/12 (+20) May (20
 []

File: hsh_logo.png Graphic file (type png)
<use hsh_logo.png>
Package pdftex.def Info: hsh_logo.png used on input line 156.
(pdftex.def)             Requested size: 29.62941pt x 26.01607pt.
File: via_logo.png Graphic file (type png)
 <use via_logo.png>
Package pdftex.def Info: via_logo.png used on input line 156.
(pdftex.def)             Requested size: 76.03271pt x 25.59517pt.


Package Fancyhdr Warning: \headheight is too small (20.4pt): 
 Make it at least 30.3661pt.
 We now make it that large for the rest of the document.
 This may cause the page layout to be inconsistent, however.

[2]
Underfull \hbox (badness 10000) in paragraph at lines 161--162
[]|\OT1/cmr/m/n/12 (+20) Interaction be-
 []


Underfull \hbox (badness 10000) in paragraph at lines 162--163
[]|\OT1/cmr/m/n/12 (+20) Around
 []


Underfull \hbox (badness 10000) in paragraph at lines 162--163
\OT1/cmr/m/n/12 (+20) 50% of
 []


Underfull \hbox (badness 10000) in paragraph at lines 162--163
\OT1/cmr/m/n/12 (+20) the to-tal
 []


Underfull \hbox (badness 1286) in paragraph at lines 163--164
[]|\OT1/cmr/m/n/12 (+20) Using Apache
 []


Underfull \hbox (badness 10000) in paragraph at lines 163--164
\OT1/cmr/m/n/12 (+20) Cor-dova
 []


Underfull \hbox (badness 10000) in paragraph at lines 163--164
\OT1/cmr/m/n/12 (+20) (HTML,
 []


Underfull \hbox (badness 10000) in paragraph at lines 163--164
\OT1/cmr/m/n/12 (+20) CSS and
 []


Underfull \hbox (badness 10000) in paragraph at lines 163--164
\OT1/cmr/m/n/12 (+20) JavaScript)
 []


Underfull \hbox (badness 3690) in paragraph at lines 163--164
\OT1/cmr/m/n/12 (+20) to de-velop a
 []


Underfull \hbox (badness 10000) in paragraph at lines 163--164
\OT1/cmr/m/n/12 (+20) web-site and
 []


Underfull \hbox (badness 10000) in paragraph at lines 164--165
[]|\OT1/cmr/m/n/12 (+20) Yacine
 []


Underfull \hbox (badness 6477) in paragraph at lines 164--165
\OT1/cmr/m/n/12 (+20) & Ros-
 []


Underfull \hbox (badness 10000) in paragraph at lines 164--165
\OT1/cmr/m/n/12 (+20) alie &
 []


Underfull \hbox (badness 10000) in paragraph at lines 167--168
[]|\OT1/cmr/m/n/12 (+20) JavaScript /
 []


Underfull \hbox (badness 10000) in paragraph at lines 169--170
[]|\OT1/cmr/m/n/12 (+20) Sub
 []


Underfull \hbox (badness 3229) in paragraph at lines 170--171
[]|\OT1/cmr/m/n/12 (+20) Learning how
 []


Underfull \hbox (badness 10000) in paragraph at lines 171--172
[]|\OT1/cmr/m/n/12 (+20) Yacine
 []


Underfull \hbox (badness 6477) in paragraph at lines 171--172
\OT1/cmr/m/n/12 (+20) & Ros-
 []


Underfull \hbox (badness 10000) in paragraph at lines 172--173
[]|\OT1/cmr/m/n/12 (+20) Until
 []


Underfull \hbox (badness 10000) in paragraph at lines 172--173
\OT1/cmr/m/n/12 (+20) 10th
 []


Underfull \hbox (badness 10000) in paragraph at lines 172--173
\OT1/cmr/m/n/12 (+20) April
 []


Underfull \hbox (badness 10000) in paragraph at lines 172--173
\OT1/cmr/m/n/12 (+20) (ap-prox.
 []


Underfull \hbox (badness 10000) in paragraph at lines 174--175
[]|\OT1/cmr/m/n/12 (+20) Scope state-
 []


Underfull \hbox (badness 10000) in paragraph at lines 176--177
[]|\OT1/cmr/m/n/12 (+20) Sub
 []


Underfull \hbox (badness 10000) in paragraph at lines 177--178
\OT1/cmr/m/n/12 (+20) de-liv-er-ables
 []


Underfull \hbox (badness 3701) in paragraph at lines 177--178
\OT1/cmr/m/n/12 (+20) and de-scribes
 []


Underfull \hbox (badness 10000) in paragraph at lines 177--178
\OT1/cmr/m/n/12 (+20) the ma-jor
 []


Underfull \hbox (badness 10000) in paragraph at lines 178--179
[]|\OT1/cmr/m/n/12 (+20) Yacine
 []


Underfull \hbox (badness 6477) in paragraph at lines 178--179
\OT1/cmr/m/n/12 (+20) & Ros-
 []


Underfull \hbox (badness 10000) in paragraph at lines 179--180
[]|\OT1/cmr/m/n/12 (+20) Until
 []


Underfull \hbox (badness 10000) in paragraph at lines 179--180
\OT1/cmr/m/n/12 (+20) 10th
 []


Underfull \hbox (badness 10000) in paragraph at lines 179--180
\OT1/cmr/m/n/12 (+20) April
 []


Underfull \hbox (badness 10000) in paragraph at lines 179--180
\OT1/cmr/m/n/12 (+20) (ap-prox.
 []


Underfull \hbox (badness 3536) in paragraph at lines 181--182
[]|\OT1/cmr/m/n/12 (+20) HCI and er-
 []


Underfull \hbox (badness 4001) in paragraph at lines 181--182
\OT1/cmr/m/n/12 (+20) gonomics im-
 []


Underfull \hbox (badness 10000) in paragraph at lines 182--183
[]|\OT1/cmr/m/n/12 (+20) Comfort de-
 []


Underfull \hbox (badness 10000) in paragraph at lines 182--183
\OT1/cmr/m/n/12 (+20) de-sign, and
 []


Underfull \hbox (badness 10000) in paragraph at lines 183--184
[]|\OT1/cmr/m/n/12 (+20) Sub
 []


Underfull \hbox (badness 4582) in paragraph at lines 184--185
[]|\OT1/cmr/m/n/12 (+20) Having a re-
 []


Underfull \hbox (badness 10000) in paragraph at lines 184--185
\OT1/cmr/m/n/12 (+20) spon-sive and
 []


Underfull \hbox (badness 10000) in paragraph at lines 184--185
\OT1/cmr/m/n/12 (+20) well coded
 []


Underfull \hbox (badness 10000) in paragraph at lines 185--186
[]|\OT1/cmr/m/n/12 (+20) Yacine
 []


Underfull \hbox (badness 6477) in paragraph at lines 185--186
\OT1/cmr/m/n/12 (+20) & Ros-
 []


Underfull \hbox (badness 10000) in paragraph at lines 185--186
\OT1/cmr/m/n/12 (+20) alie &
 []


Underfull \hbox (badness 10000) in paragraph at lines 186--187
[]|\OT1/cmr/m/n/12 (+20) Until
 []


Underfull \hbox (badness 10000) in paragraph at lines 186--187
\OT1/cmr/m/n/12 (+20) 24th
 []


Underfull \hbox (badness 10000) in paragraph at lines 186--187
\OT1/cmr/m/n/12 (+20) April
 []


Underfull \hbox (badness 10000) in paragraph at lines 186--187
\OT1/cmr/m/n/12 (+20) (ap-prox.
 []


Overfull \hbox (5.3368pt too wide) in paragraph at lines 188--189
[]|\OT1/cmr/m/n/12 (-20) Implementation| 
 []


Underfull \hbox (badness 10000) in paragraph at lines 189--190
[]|\OT1/cmr/m/n/12 (+20) Implement the
 []


Underfull \hbox (badness 7667) in paragraph at lines 189--190
\OT1/cmr/m/n/12 (+20) server re-quests
 []


Underfull \hbox (badness 10000) in paragraph at lines 189--190
\OT1/cmr/m/n/12 (+20) tions be-tween
 []


Underfull \hbox (badness 10000) in paragraph at lines 189--190
\OT1/cmr/m/n/12 (+20) the user, the
 []


Underfull \hbox (badness 10000) in paragraph at lines 190--191
[]|\OT1/cmr/m/n/12 (+20) Sub
 []


Underfull \hbox (badness 10000) in paragraph at lines 192--193
[]|\OT1/cmr/m/n/12 (+20) Yacine
 []


Underfull \hbox (badness 6477) in paragraph at lines 192--193
\OT1/cmr/m/n/12 (+20) & Ros-
 []


Underfull \hbox (badness 10000) in paragraph at lines 192--193
\OT1/cmr/m/n/12 (+20) alie &
 []


Underfull \hbox (badness 10000) in paragraph at lines 193--194
[]|\OT1/cmr/m/n/12 (+20) Until
 []


Underfull \hbox (badness 10000) in paragraph at lines 193--194
\OT1/cmr/m/n/12 (+20) 22th
 []


Underfull \hbox (badness 10000) in paragraph at lines 197--198
[]|\OT1/cmr/m/n/12 (+20) Overview on
 []


Underfull \hbox (badness 10000) in paragraph at lines 197--198
\OT1/cmr/m/n/12 (+20) the cus-tomers
 []


Underfull \hbox (badness 10000) in paragraph at lines 197--198
\OT1/cmr/m/n/12 (+20) per-cep-tion of
 []


Underfull \hbox (badness 10000) in paragraph at lines 197--198
\OT1/cmr/m/n/12 (+20) the prod-uct;
 []


Underfull \hbox (badness 10000) in paragraph at lines 197--198
\OT1/cmr/m/n/12 (+20) iden-ti-fy-ing the
 []


Underfull \hbox (badness 10000) in paragraph at lines 198--199
[]|\OT1/cmr/m/n/12 (+20) Customer
 []


Underfull \hbox (badness 10000) in paragraph at lines 198--199
\OT1/cmr/m/n/12 (+20) mar-ket
 []


Underfull \hbox (badness 10000) in paragraph at lines 198--199
\OT1/cmr/m/n/12 (+20) re-search,
 []


Underfull \hbox (badness 10000) in paragraph at lines 198--199
\OT1/cmr/m/n/12 (+20) which is
 []


Underfull \hbox (badness 10000) in paragraph at lines 198--199
\OT1/cmr/m/n/12 (+20) used to
 []


Underfull \hbox (badness 6016) in paragraph at lines 198--199
\OT1/cmr/m/n/12 (+20) gather in-
 []


Underfull \hbox (badness 10000) in paragraph at lines 198--199
\OT1/cmr/m/n/12 (+20) for-ma-tion
 []


Underfull \hbox (badness 4647) in paragraph at lines 198--199
\OT1/cmr/m/n/12 (+20) get group
 []


Underfull \hbox (badness 10000) in paragraph at lines 198--199
\OT1/cmr/m/n/12 (+20) and its
 []


Underfull \hbox (badness 10000) in paragraph at lines 201--202
[]|\OT1/cmr/m/n/12 (+20) March
 []


Underfull \hbox (badness 10000) in paragraph at lines 201--202
\OT1/cmr/m/n/12 (+20) 27th -
 []


Underfull \hbox (badness 10000) in paragraph at lines 201--202
\OT1/cmr/m/n/12 (+20) March
 []


Overfull \hbox (1.19145pt too wide) in paragraph at lines 156--204
[][] 
 []

File: hsh_logo.png Graphic file (type png)
<use hsh_logo.png>
Package pdftex.def Info: hsh_logo.png used on input line 205.
(pdftex.def)             Requested size: 29.62941pt x 26.01607pt.
File: via_logo.png Graphic file (type png)
 <use via_logo.png>
Package pdftex.def Info: via_logo.png used on input line 205.
(pdftex.def)             Requested size: 76.03271pt x 25.59517pt.


Package Fancyhdr Warning: \headheight is too small (20.4pt): 
 Make it at least 30.3661pt.
 We now make it that large for the rest of the document.
 This may cause the page layout to be inconsistent, however.

[3]
Overfull \vbox (2.09984pt too high) has occurred while \output is active []

File: hsh_logo.png Graphic file (type png)

<use hsh_logo.png>
Package pdftex.def Info: hsh_logo.png used on input line 205.
(pdftex.def)             Requested size: 29.62941pt x 26.01607pt.
File: via_logo.png Graphic file (type png)
 <use via_logo.png>
Package pdftex.def Info: via_logo.png used on input line 205.
(pdftex.def)             Requested size: 76.03271pt x 25.59517pt.


Package Fancyhdr Warning: \headheight is too small (20.4pt): 
 Make it at least 30.3661pt.
 We now make it that large for the rest of the document.
 This may cause the page layout to be inconsistent, however.

[4]
Underfull \hbox (badness 10000) in paragraph at lines 210--211
[]|\OT1/cmr/m/n/12 (+20) Overview on
 []


Underfull \hbox (badness 10000) in paragraph at lines 210--211
\OT1/cmr/m/n/12 (+20) com-pa-ra-ble
 []


Underfull \hbox (badness 10000) in paragraph at lines 210--211
\OT1/cmr/m/n/12 (+20) ex-ist-ing prod-
 []


Underfull \hbox (badness 10000) in paragraph at lines 210--211
\OT1/cmr/m/n/12 (+20) ucts and the
 []


Underfull \hbox (badness 10000) in paragraph at lines 210--211
\OT1/cmr/m/n/12 (+20) com-pet-i-tive
 []


Underfull \hbox (badness 10000) in paragraph at lines 211--212
[]|\OT1/cmr/m/n/12 (+20) Used to
 []


Underfull \hbox (badness 6016) in paragraph at lines 211--212
\OT1/cmr/m/n/12 (+20) gather in-
 []


Underfull \hbox (badness 10000) in paragraph at lines 211--212
\OT1/cmr/m/n/12 (+20) for-ma-tion
 []


Underfull \hbox (badness 10000) in paragraph at lines 211--212
\OT1/cmr/m/n/12 (+20) on the
 []


Underfull \hbox (badness 10000) in paragraph at lines 211--212
\OT1/cmr/m/n/12 (+20) mar-ket
 []


Underfull \hbox (badness 10000) in paragraph at lines 212--213
\OT1/cmr/m/n/12 (+20) com-par-ing
 []


Underfull \hbox (badness 10000) in paragraph at lines 212--213
\OT1/cmr/m/n/12 (+20) to our com-
 []


Underfull \hbox (badness 3375) in paragraph at lines 212--213
\OT1/cmr/m/n/12 (+20) : iden-ti-fy-ing
 []


Underfull \hbox (badness 10000) in paragraph at lines 214--215
\OT1/cmr/m/n/12 (+20) - April
 []


Underfull \hbox (badness 10000) in paragraph at lines 216--217
[]|\OT1/cmr/m/n/12 (+20) Geographical
 []


Underfull \hbox (badness 10000) in paragraph at lines 216--217
\OT1/cmr/m/n/12 (+20) mar-ket re-
 []


Underfull \hbox (badness 10000) in paragraph at lines 217--218
[]|\OT1/cmr/m/n/12 (+20) Overview on
 []


Underfull \hbox (badness 10000) in paragraph at lines 217--218
\OT1/cmr/m/n/12 (+20) mar-ket; iden-
 []


Underfull \hbox (badness 10000) in paragraph at lines 217--218
\OT1/cmr/m/n/12 (+20) ti-fy-ing tar-get
 []


Underfull \hbox (badness 2050) in paragraph at lines 218--219
\OT1/cmr/m/n/12 (+20) the tar-get
 []


Underfull \hbox (badness 2469) in paragraph at lines 218--219
\OT1/cmr/m/n/12 (+20) mar-ket to
 []


Underfull \hbox (badness 10000) in paragraph at lines 219--220
\OT1/cmr/m/n/12 (+20) Porter's five
 []


Underfull \hbox (badness 3826) in paragraph at lines 219--220
\OT1/cmr/m/n/12 (+20) forces, STEP
 []


Underfull \hbox (badness 10000) in paragraph at lines 221--222
[]|\OT1/cmr/m/n/12 (+20) April
 []


Underfull \hbox (badness 10000) in paragraph at lines 221--222
\OT1/cmr/m/n/12 (+20) 10th -
 []


Underfull \hbox (badness 10000) in paragraph at lines 221--222
\OT1/cmr/m/n/12 (+20) April
 []


Underfull \hbox (badness 10000) in paragraph at lines 223--224
[]|\OT1/cmr/m/n/12 (+20) Identifying
 []


Underfull \hbox (badness 10000) in paragraph at lines 223--224
\OT1/cmr/m/n/12 (+20) mar-ket-ing
 []


Underfull \hbox (badness 1803) in paragraph at lines 224--225
[]|\OT1/cmr/m/n/12 (+20) Setting up the
 []


Underfull \hbox (badness 7151) in paragraph at lines 224--225
\OT1/cmr/m/n/12 (+20) pany and the
 []


Underfull \hbox (badness 10000) in paragraph at lines 225--226
[]|\OT1/cmr/m/n/12 (+20) Setting
 []


Underfull \hbox (badness 10000) in paragraph at lines 225--226
\OT1/cmr/m/n/12 (+20) up goals
 []


Underfull \hbox (badness 10000) in paragraph at lines 225--226
\OT1/cmr/m/n/12 (+20) for the
 []


Underfull \hbox (badness 1681) in paragraph at lines 226--227
[]|\OT1/cmr/m/n/12 (+20) Desk re-search
 []


Underfull \hbox (badness 10000) in paragraph at lines 228--229
[]|\OT1/cmr/m/n/12 (+20) April
 []


Underfull \hbox (badness 10000) in paragraph at lines 228--229
\OT1/cmr/m/n/12 (+20) 24th -
 []


Underfull \hbox (badness 10000) in paragraph at lines 230--231
[]|\OT1/cmr/m/n/12 (+20) Identifying
 []


Underfull \hbox (badness 10000) in paragraph at lines 230--231
\OT1/cmr/m/n/12 (+20) mar-ket-ing
 []


Underfull \hbox (badness 10000) in paragraph at lines 231--232
[]|\OT1/cmr/m/n/12 (+20) Setting up of
 []


Underfull \hbox (badness 10000) in paragraph at lines 231--232
\OT1/cmr/m/n/12 (+20) gies for this
 []


Underfull \hbox (badness 10000) in paragraph at lines 232--233
[]|\OT1/cmr/m/n/12 (+20) Planning
 []


Underfull \hbox (badness 10000) in paragraph at lines 232--233
\OT1/cmr/m/n/12 (+20) on the
 []


Underfull \hbox (badness 10000) in paragraph at lines 232--233
\OT1/cmr/m/n/12 (+20) ap-proach
 []


Underfull \hbox (badness 10000) in paragraph at lines 232--233
\OT1/cmr/m/n/12 (+20) and the
 []


Underfull \hbox (badness 10000) in paragraph at lines 232--233
\OT1/cmr/m/n/12 (+20) mar-ket-ing
 []


Underfull \hbox (badness 1681) in paragraph at lines 233--234
[]|\OT1/cmr/m/n/12 (+20) Desk re-search
 []


Underfull \hbox (badness 2165) in paragraph at lines 237--238
[]|\OT1/cmr/m/n/12 (+20) Wrapping up
 []


Underfull \hbox (badness 2556) in paragraph at lines 237--238
\OT1/cmr/m/n/12 (+20) ered in-for-ma-
 []


Underfull \hbox (badness 10000) in paragraph at lines 238--239
[]|\OT1/cmr/m/n/12 (+20) Finishing the
 []


Underfull \hbox (badness 10000) in paragraph at lines 245--246
[]|\OT1/cmr/m/n/12 (+20) Finish the
 []


Underfull \hbox (badness 10000) in paragraph at lines 246--247
[]|\OT1/cmr/m/n/12 (+20) Sum up the
 []


Underfull \hbox (badness 10000) in paragraph at lines 249--250
[]|\OT1/cmr/m/n/12 (+20) The
 []


Underfull \hbox (badness 10000) in paragraph at lines 249--250
\OT1/cmr/m/n/12 (+20) whole
 []


Underfull \hbox (badness 10000) in paragraph at lines 250--251
[]|\OT1/cmr/m/n/12 (+20) Until
 []


Overfull \hbox (1.19145pt too wide) in paragraph at lines 205--254
[][] 
 []


Underfull \hbox (badness 10000) in paragraph at lines 205--254

 []



pdfTeX warning: pdflatex (file ./Gantt.pdf): PDF inclusion: found PDF version <
1.7>, but at most version <1.5> allowed
<Gantt.pdf, id=33, 845.07724pt x 597.55246pt>
File: Gantt.pdf Graphic file (type pdf)
 <use Gantt.pdf>
Package pdftex.def Info: Gantt.pdf used on input line 258.
(pdftex.def)             Requested size: 845.07518pt x 597.551pt.


pdfTeX warning: pdflatex (file ./Gantt.pdf): PDF inclusion: found PDF version <
1.7>, but at most version <1.5> allowed
File: Gantt.pdf Graphic file (type pdf)
<use Gantt.pdf>
Package pdftex.def Info: Gantt.pdf used on input line 258.
(pdftex.def)             Requested size: 845.07518pt x 597.551pt.


pdfTeX warning: pdflatex (file ./Gantt.pdf): PDF inclusion: found PDF version <
1.7>, but at most version <1.5> allowed
File: Gantt.pdf Graphic file (type pdf)
<use Gantt.pdf>
Package pdftex.def Info: Gantt.pdf used on input line 258.
(pdftex.def)             Requested size: 845.07518pt x 597.551pt.


pdfTeX warning: pdflatex (file ./Gantt.pdf): PDF inclusion: found PDF version <
1.7>, but at most version <1.5> allowed


pdfTeX warning: pdflatex (file ./Gantt.pdf): PDF inclusion: found PDF version <
1.7>, but at most version <1.5> allowed
<Gantt.pdf, id=37, page=1, 845.07724pt x 597.55246pt>
File: Gantt.pdf Graphic file (type pdf)
 <use Gantt.pdf, page 1>
Package pdftex.def Info: Gantt.pdf, page1 used on input line 258.
(pdftex.def)             Requested size: 845.07518pt x 597.551pt.
File: Gantt.pdf Graphic file (type pdf)

<use Gantt.pdf, page 1>
Package pdftex.def Info: Gantt.pdf, page1 used on input line 258.
(pdftex.def)             Requested size: 845.13965pt x 597.59657pt.
File: hsh_logo.png Graphic file (type png)
 <use hsh_logo.png>
Package pdftex.def Info: hsh_logo.png used on input line 258.
(pdftex.def)             Requested size: 29.62941pt x 26.01607pt.
File: via_logo.png Graphic file (type png)
 <use via_logo.png>
Package pdftex.def Info: via_logo.png used on input line 258.
(pdftex.def)             Requested size: 76.03271pt x 25.59517pt.


Package Fancyhdr Warning: \headheight is too small (20.4pt): 
 Make it at least 30.3661pt.
 We now make it that large for the rest of the document.
 This may cause the page layout to be inconsistent, however.

[5]
File: Gantt.pdf Graphic file (type pdf)
 <use Gantt.pdf, page 1>
Package pdftex.def Info: Gantt.pdf, page1 used on input line 258.
(pdftex.def)             Requested size: 845.13965pt x 597.59657pt.
File: Gantt.pdf Graphic file (type pdf)
 <use Gantt.pdf, page 1>
Package pdftex.def Info: Gantt.pdf, page1 used on input line 258.
(pdftex.def)             Requested size: 845.13965pt x 597.59657pt.
File: Gantt.pdf Graphic file (type pdf)
 <use Gantt.pdf, page 1>
Package pdftex.def Info: Gantt.pdf, page1 used on input line 258.
(pdftex.def)             Requested size: 845.13965pt x 597.59657pt.

[6 <./Gantt.pdf>]

pdfTeX warning: pdflatex (file ./Gantt.pdf): PDF inclusion: found PDF version <
1.7>, but at most version <1.5> allowed
<Gantt.pdf, id=99, page=2, 845.07724pt x 597.55246pt>
File: Gantt.pdf Graphic file (type pdf)
 <use Gantt.pdf, page 2>
Package pdftex.def Info: Gantt.pdf, page2 used on input line 258.
(pdftex.def)             Requested size: 845.13965pt x 597.59657pt.
File: Gantt.pdf Graphic file (type pdf)

<use Gantt.pdf, page 2>
Package pdftex.def Info: Gantt.pdf, page2 used on input line 258.
(pdftex.def)             Requested size: 845.13965pt x 597.59657pt.
File: Gantt.pdf Graphic file (type pdf)
 <use Gantt.pdf, page 2>
Package pdftex.def Info: Gantt.pdf, page2 used on input line 258.
(pdftex.def)             Requested size: 845.13965pt x 597.59657pt.
 [7 <./Gantt.pdf>] (bib.tex
File: hsh_logo.png Graphic file (type png)

<use hsh_logo.png>
Package pdftex.def Info: hsh_logo.png used on input line 28.
(pdftex.def)             Requested size: 29.62941pt x 26.01607pt.
File: via_logo.png Graphic file (type png)
 <use via_logo.png>
Package pdftex.def Info: via_logo.png used on input line 28.
(pdftex.def)             Requested size: 76.03271pt x 25.59517pt.


Package Fancyhdr Warning: \headheight is too small (20.4pt): 
 Make it at least 30.3661pt.
 We now make it that large for the rest of the document.
 This may cause the page layout to be inconsistent, however.

[8]) (main.aux) ) 
Here is how much of TeX's memory you used:
 7529 strings out of 493334
 121467 string characters out of 3129357
 327596 words of memory out of 3000000
 10851 multiletter control sequences out of 15000+200000
 13859 words of font info for 80 fonts, out of 3000000 for 9000
 1141 hyphenation exceptions out of 8191
 49i,18n,51p,8844b,462s stack positions out of 5000i,500n,10000p,200000b,50000s
<D:/Program Files/MiKTeX 2.9/fonts/type1/public/amsfonts/cm/cm
bx12.pfb><D:/Program Files/MiKTeX 2.9/fonts/type1/public/amsfonts/cm/cmcsc10.pf
b><D:/Program Files/MiKTeX 2.9/fonts/type1/public/amsfonts/cm/cmr12.pfb><D:/Pro
gram Files/MiKTeX 2.9/fonts/type1/public/amsfonts/cm/cmss12.pfb><D:/Program Fil
es/MiKTeX 2.9/fonts/type1/public/amsfonts/cm/cmss17.pfb><D:/Program Files/MiKTe
X 2.9/fonts/type1/public/amsfonts/cm/cmssbx10.pfb><D:/Program Files/MiKTeX 2.9/
fonts/type1/public/amsfonts/cm/cmssi17.pfb><D:/Program Files/MiKTeX 2.9/fonts/t
ype1/public/amsfonts/cm/cmsy10.pfb><D:/Program Files/MiKTeX 2.9/fonts/type1/pub
lic/amsfonts/cm/cmti12.pfb>
Output written on main.pdf (10 pages, 755864 bytes).
PDF statistics:
 142 PDF objects out of 1000 (max. 8388607)
 0 named destinations out of 1000 (max. 500000)
 20521 words of extra memory for PDF output out of 20736 (max. 10000000)

